INFO  [main] portico.lrc: LRC initialized (HLA version: IEEE1516e)
INFO  [main] portico.lrc: Opening LRC Connection
INFO  [main] portico.lrc.jgroups: jgroups connection is up and running
ERROR [main] portico.lrc.jgroups: FAILURE createFederation: already exists, name=Federation
INFO  [Regular] portico.lrc.jgroups: Federate [kolejkaFederate] joined federation [Federation]
INFO  [main] portico.lrc.jgroups: SUCCESS Joined federation with name=kolejkaFederate
INFO  [Regular] portico.lrc: Synchronization point [ReadyToRun] ANNOUNCED by [null] to [kolejkaFederate]
INFO  [main] portico.lrc: SUCCESS Joined federate [kolejkaFederate] to federation [Federation]: handle=2
INFO  [main] portico.lrc: NOTICE  Federate [kolejkaFederate] achieved sync point [ReadyToRun]
INFO  [main] portico.lrc: Federation SYNCHRONIZED on point [ReadyToRun], queued callback
INFO  [main] portico.lrc: PENDING Enable time regulation PENDING for [kolejkaFederate]
INFO  [main] portico.lrc: PENDING Enable time constrained PENDING for [kolejkaFederate]
INFO  [main] portico.lrc: ENABLED time constrained for [kolejkaFederate]
INFO  [main] portico.lrc: ENABLED time constrained for [mostFederate]
INFO  [main] portico.lrc: SUCCESS Subscribeed to [511] with attributes [512, 513, 514]
INFO  [main] portico.lrc: SUCCESS Published [507] with attributes [508, 509, 527]
INFO  [main] portico.lrc: SUCCESS Register instance of class [507], object handle=2097153
INFO  [main] porINFO  [main] portico.lrc: SUCCESS Published [511] with attributes [512, 513, 514, 527]
INFO  [INFO  [main] portico.lrc: DISCOVER object [2] registeredAs=511, discoveredAs=511
INFO  [main] portico.lrc: PENDING Requested time advance for [kolejkaFederate] to [2.0], waiting for graINFO  [INFO  [main] portico.lrc: PENDING Requested time advance for [kolejkaFederate] to [3.0], waiting for INFO  [maiINFO  [main] portico.lrc: PENDING Requested time advance for [kolejkaFederate] to [4.0], waiting fINFO  [main] INFO  [main] portico.lrc: PENDING Requested time advance for [kolejkaFederate] to [5.0], waitinINFO  [main] porINFO  [main] portico.lrc: PENDING Requested time advance for [kolejkaFederate] to [6.0], waiINFO  [main] porticINFO  [main] portico.lrc: PENDING Requested time advance for [kolejkaFederate] to [7.0], INFO  [main] portico.lINFO  [main] portico.lrc: PENDING Requested time advance for [kolejkaFederate] to [8.0INFO  [main] portico.lrc:INFO  [main] portico.lrc: PENDING Requested time advance for [kolejkaFederate] to [INFO  [main] portico.lrc: PEINFO  [main] portico.lrc: PENDING Requested time advance for [kolejkaFederate] tINFO  [main] portico.lrc: PENDININFO  [main] portico.lrc: PENDING Requested time advance for [kolejkaFederateINFO  [main] portico.lrc: PENDING RINFO  [main] portico.lrc: PENDING Requested time advance for [kolejkaFederINFO  [main] portico.lrc: PENDING RequINFO  [main] portico.lrc: PENDING Requested time advance for [kolejkaFeINFO  [main] portico.lrc: PENDING RequestINFO  [main] portico.lrc: PENDING Requested time advance for [kolejkINFO  [main] portico.lrc: PENDING Requested INFO  [main] portico.lrc: PENDING Requested time advance for [kolINFO  [main] portico.lrc: PENDING Requested timINFO  [main] portico.lrc: PENDING Requested time advance for [INFO  [main] portico.lrc: PENDING Requested time aINFO  [main] portico.lrc: PENDING Requested time advance foINFO  [main] portico.lrc: PENDING Requested time advaINFO  [main] portico.lrc: PENDING Requested time advanceINFO  [main] portico.lrc: PENDING Requested time advanceINFO  [main] portico.lrc: PENDING Requested time advaINFO  [main] portico.lrc: PENDING Requested time advance foINFO  [main] portico.lrc: PENDING Requested time advance for [kolejkaFederate] to [20.0], waiting for grant...
INFO  [main] portico.lrc: SUCCESS Deleted object [2097153] (RO)
INFO  [Regular] portico.lrc.jgroups: Federate [kolejkaFederate] has resigned from [FederatiINFO INFO  [main] portico.lrc.jgroups: SUCCESS Federate [kolejkaFederate] resigned from [FederatINFO  [main] portico.lrc: PENDING Requested time advance for [mostFederate] to [22.0], waiting for grant...
INFO  [main] portico.lrc: PENDING Requested time advance for [mostFederate] to [23.0], waiting for grant...
INFO  [main] portico.lrc: PENDING Requested time advance for [mostFederate] to [24.0], waiting for grant...
INFO  [main] portico.lrc: PENDING Requested time advance for [mostFederate] to [25.0], waiting for grant...
INFO  [main] portico.lrc: PENDING Requested time advance for [mostFederate] to [26.0], waiting for grant...
INFO  [main] portico.lrc: PENDING Requested time advance for [mostFederate] to [27.0], waiting for grant...
INFO  [main] portico.lrc: PENDING Requested time advance for [mostFederate] to [28.0], waiting for grant...
INFO  [main] portico.lrc: PENDING Requested time advance for [mostFederate] to [29.0], waiting for grant...
INFO  [main] portico.lrc: PENDING Requested time advance for [mostFederate] to [30.0], waiting for grant...
INFO  [main] portico.lrc: PENDING Requested time advance for [mostFederate] to [31.0], waiting for grant...
INFO  [main] portico.lrc: PENDING Requested time advance for [mostFederate] to [32.0], waiting for grant...
INFO  [main] portico.lrc: PENDING Requested time advance for [mostFederate] to [33.0], waiting for grant...
INFO  [main] portico.lrc: PENDING Requested time advance for [mostFederate] to [34.0], waiting for grant...
INFO  [main] portico.lrc: PENDING Requested time advance for [mostFederate] to [35.0], waiting for grant...
INFO  [main] portico.lrc: PENDING Requested time advance for [mostFederate] to [36.0], waiting for grant...
INFO  [main] portico.lrc: PENDING Requested time advance for [mostFederate] to [37.0], waiting for grant...
INFO  [main] portico.lrc: PENDING Requested time advance for [mostFederate] to [38.0], waiting for grant...
INFO  [main] portico.lrc: PENDING Requested time advance for [mostFederate] to [39.0], waiting for grant...
INFO  [main] portico.lrc: PENDING Requested time advance for [mostFederate] to [40.0], waiting for grant...
INFO  [main] portico.lrc: PENDING Requested time advance for [mostFederate] to [41.0], waiting for grant...
INFO  [main] portico.lrc: PENDING Requested time advance for [mostFederate] to [42.0], waiting for grant...
INFO  [main] portico.lrc: PENDING Requested time advance for [mostFederate] to [43.0], waiting for grant...
INFO  [main] portico.lrc: PENDING Requested time advance for [mostFederate] to [44.0], waiting for grant...
INFO  [main] portico.lrc: PENDING Requested time advance for [mostFederate] to [45.0], waiting for grant...
INFO  [main] portico.lrc: PENDING Requested time advance for [mostFederate] to [46.0], waiting for grant...
INFO  [main] portico.lrc: PENDING Requested time advance for [mostFederate] to [47.0], waiting for grant...
INFO  [main] portico.lrc: PENDING Requested time advance for [mostFederate] to [48.0], waiting for grant...
INFO  [main] portico.lrc: PENDING Requested time advance for [mostFederate] to [49.0], waiting for grant...
INFO  [main] portico.lrc: PENDING Requested time advance for [mostFederate] to [50.0], waiting for grant...
INFO  [main] portico.lrc: PENDING Requested time advance for [mostFederate] to [51.0], waiting for grant...
INFO  [main] portico.lrc: PENDING Requested time advance for [mostFederate] to [52.0], waiting for grant...
INFO  [main] portico.lrc: PENDING Requested time advance for [mostFederate] to [53.0], waiting for grant...
INFO  [main] portico.lrc: PENDING Requested time advance for [mostFederate] to [54.0], waiting for grant...
INFO  [main] portico.lrc: PENDING Requested time advance for [mostFederate] to [55.0], waiting for grant...
INFO  [main] portico.lrc: PENDING Requested time advance for [mostFederate] to [56.0], waiting for grant...
INFO  [main] portico.lrc: PENDING Requested time advance for [mostFederate] to [57.0], waiting for grant...
INFO  [main] portico.lrc: PENDING Requested time advance for [mostFederate] to [58.0], waiting for grant...
INFO  [main] portico.lrc: PENDING Requested time advance for [mostFederate] to [59.0], waiting for grant...
INFO  [main] portico.lrc: PENDING Requested time advance for [mostFederate] to [60.0], waiting for grant...
INFO  [main] portico.lrc: PENDING Requested time advance for [mostFederate] to [61.0], waiting for grant...
INFO  [main] portico.lrc: PENDING Requested time advance for [mostFederate] to [62.0], waiting for grant...
INFO  [main] portico.lrc: PENDING Requested time advance for [mostFederate] to [63.0], waiting for grant...
INFO  [main] portico.lrc: PENDING Requested time advance for [mostFederate] to [64.0], waiting for grant...
INFO  [main] portico.lrc: PENDING Requested time advance for [mostFederate] to [65.0], waiting for grant...
INFO  [main] portico.lrc: PENDING Requested time advance for [mostFederate] to [66.0], waiting for grant...
INFO  [main] portico.lrc: PENDING Requested time advance for [mostFederate] to [67.0], waiting for grant...
INFO  [main] portico.lrc: PENDING Requested time advance for [mostFederate] to [68.0], waiting for grant...
INFO  [main] portico.lrc: PENDING Requested time advance for [mostFederate] to [69.0], waiting for grant...
INFO  [main] portico.lrc: PENDING Requested time advance for [mostFederate] to [70.0], waiting for grant...
INFO  [main] portico.lrc: PENDING Requested time advance for [mostFederate] to [71.0], waiting for grant...
INFO  [main] portico.lrc: PENDING Requested time advance for [mostFederate] to [72.0], waiting for grant...
INFO  [main] portico.lrc: PENDING Requested time advance for [mostFederate] to [73.0], waiting for grant...
INFO  [main] portico.lrc: PENDING Requested time advance for [mostFederate] to [74.0], waiting for grant...
INFO  [main] portico.lrc: PENDING Requested time advance for [mostFederate] to [75.0], waiting for grant...
INFO  [main] portico.lrc: PENDING Requested time advance for [mostFederate] to [76.0], waiting for grant...
INFO  [main] portico.lrc: PENDING Requested time advance for [mostFederate] to [77.0], waiting for grant...
INFO  [main] portico.lrc: PENDING Requested time advance for [mostFederate] to [78.0], waiting for grant...
INFO  [main] portico.lrc: PENDING Requested time advance for [mostFederate] to [79.0], waiting for grant...
INFO  [main] portico.lrc: PENDING Requested time advance for [mostFederate] to [80.0], waiting for grant...
INFO  [main] portico.lrc: PENDING Requested time advance for [mostFederate] to [81.0], waiting for grant...
INFO  [main] portico.lrc: PENDING Requested time advance for [mostFederate] to [82.0], waiting for grant...
INFO  [main] portico.lrc: PENDING Requested time advance for [mostFederate] to [83.0], waiting for grant...
INFO  [main] portico.lrc: PENDING Requested time advance for [mostFederate] to [84.0], waiting for grant...
INFO  [main] portico.lrc: PENDING Requested time advance for [mostFederate] to [85.0], waiting for grant...
INFO  [main] portico.lrc: PENDING Requested time advance for [mostFederate] to [86.0], waiting for grant...
INFO  [main] portico.lrc: PENDING Requested time advance for [mostFederate] to [87.0], waiting for grant...
INFO  [main] portico.lrc: PENDING Requested time advance for [mostFederate] to [88.0], waiting for grant...
INFO  [main] portico.lrc: PENDING Requested time advance for [mostFederate] to [89.0], waiting for grant...
INFO  [main] portico.lrc: PENDING Requested time advance for [mostFederate] to [90.0], waiting for grant...
INFO  [main] portico.lrc: PENDING Requested time advance for [mostFederate] to [91.0], waiting for grant...
INFO  [main] portico.lrc: PENDING Requested time advance for [mostFederate] to [92.0], waiting for grant...
INFO  [main] portico.lrc: PENDING Requested time advance for [mostFederate] to [93.0], waiting for grant...
INFO  [main] portico.lrc: PENDING Requested time advance for [mostFederate] to [94.0], waiting for grant...
INFO  [main] portico.lrc: PENDING Requested time advance for [mostFederate] to [95.0], waiting for grant...
INFO  [main] portico.lrc: PENDING Requested time advance for [mostFederate] to [96.0], waiting for grant...
INFO  [main] portico.lrc: PENDING Requested time advance for [mostFederate] to [97.0], waiting for grant...
INFO  [main] portico.lrc: PENDING Requested time advance for [mostFederate] to [98.0], waiting for grant...
INFO  [main] portico.lrc: PENDING Requested time advance for [mostFederate] to [99.0], waiting for grant...
INFO  [main] portico.lrc: PENDING Requested time advance for [mostFederate] to [100.0], waiting for grant...
INFO  [main] portico.lrc: PENDING Requested time advance for [mostFederate] to [101.0], waiting for grant...
INFO  [main] portico.lrc: PENDING Requested time advance for [mostFederate] to [102.0], waiting for grant...
INFO  [main] portico.lrc: PENDING Requested time advance for [mostFederate] to [103.0], waiting for grant...
INFO  [main] portico.lrc: PENDING Requested time advance for [mostFederate] to [104.0], waiting for grant...
INFO  [main] portico.lrc: PENDING Requested time advance for [mostFederate] to [105.0], waiting for grant...
INFO  [main] portico.lrc: PENDING Requested time advance for [mostFederate] to [106.0], waiting for grant...
INFO  [main] portico.lrc: PENDING Requested time advance for [mostFederate] to [107.0], waiting for grant...
